0 info it worked if it ends with ok
1 verbose cli [ '/Users/eda/.nvm/versions/node/v6.1.0/bin/node',
1 verbose cli   '/Users/eda/.nvm/versions/node/v6.1.0/bin/npm',
1 verbose cli   'run',
1 verbose cli   'migrate:make',
1 verbose cli   'create-sundaes' ]
2 info using npm@3.8.6
3 info using node@v6.1.0
4 verbose run-script [ 'premigrate:make', 'migrate:make', 'postmigrate:make' ]
5 info lifecycle follow-along@1.0.0~premigrate:make: follow-along@1.0.0
6 silly lifecycle follow-along@1.0.0~premigrate:make: no script for premigrate:make, continuing
7 info lifecycle follow-along@1.0.0~migrate:make: follow-along@1.0.0
8 verbose lifecycle follow-along@1.0.0~migrate:make: unsafe-perm in lifecycle true
9 verbose lifecycle follow-along@1.0.0~migrate:make: PATH: /Users/eda/.nvm/versions/node/v6.1.0/lib/node_modules/npm/bin/node-gyp-bin:/Users/eda/Workspace/follow-along/node_modules/.bin:/Users/eda/.nvm/versions/node/v6.1.0/bin:/Users/eda/.nvm/versions/node/v6.1.0/bin:/usr/local/bin:/usr/bin:/bin:/usr/sbin:/sbin
10 verbose lifecycle follow-along@1.0.0~migrate:make: CWD: /Users/eda/Workspace/follow-along
11 silly lifecycle follow-along@1.0.0~migrate:make: Args: [ '-c', 'knex migrate:make "create-sundaes"' ]
12 silly lifecycle follow-along@1.0.0~migrate:make: Returned: code: 1  signal: null
13 info lifecycle follow-along@1.0.0~migrate:make: Failed to exec migrate:make script
14 verbose stack Error: follow-along@1.0.0 migrate:make: `knex migrate:make "create-sundaes"`
14 verbose stack Exit status 1
14 verbose stack     at EventEmitter.<anonymous> (/Users/eda/.nvm/versions/node/v6.1.0/lib/node_modules/npm/lib/utils/lifecycle.js:239:16)
14 verbose stack     at emitTwo (events.js:106:13)
14 verbose stack     at EventEmitter.emit (events.js:191:7)
14 verbose stack     at ChildProcess.<anonymous> (/Users/eda/.nvm/versions/node/v6.1.0/lib/node_modules/npm/lib/utils/spawn.js:24:14)
14 verbose stack     at emitTwo (events.js:106:13)
14 verbose stack     at ChildProcess.emit (events.js:191:7)
14 verbose stack     at maybeClose (internal/child_process.js:850:16)
14 verbose stack     at Process.ChildProcess._handle.onexit (internal/child_process.js:215:5)
15 verbose pkgid follow-along@1.0.0
16 verbose cwd /Users/eda/Workspace/follow-along
17 error Darwin 15.4.0
18 error argv "/Users/eda/.nvm/versions/node/v6.1.0/bin/node" "/Users/eda/.nvm/versions/node/v6.1.0/bin/npm" "run" "migrate:make" "create-sundaes"
19 error node v6.1.0
20 error npm  v3.8.6
21 error code ELIFECYCLE
22 error follow-along@1.0.0 migrate:make: `knex migrate:make "create-sundaes"`
22 error Exit status 1
23 error Failed at the follow-along@1.0.0 migrate:make script 'knex migrate:make "create-sundaes"'.
23 error Make sure you have the latest version of node.js and npm installed.
23 error If you do, this is most likely a problem with the follow-along package,
23 error not with npm itself.
23 error Tell the author that this fails on your system:
23 error     knex migrate:make "create-sundaes"
23 error You can get information on how to open an issue for this project with:
23 error     npm bugs follow-along
23 error Or if that isn't available, you can get their info via:
23 error     npm owner ls follow-along
23 error There is likely additional logging output above.
24 verbose exit [ 1, true ]
